INFO: 2021-02-02 18:59:53,361 - base_frame.py:470 * -----------  Configuration Arguments -----------
INFO: 2021-02-02 18:59:53,362 - base_frame.py:472 * activate: None
INFO: 2021-02-02 18:59:53,362 - base_frame.py:472 * adadelta_rho: 0.95
INFO: 2021-02-02 18:59:53,362 - base_frame.py:472 * adagrad_initial_accumulator_value: 0.1
INFO: 2021-02-02 18:59:53,362 - base_frame.py:472 * adam_beta1: 0.9
INFO: 2021-02-02 18:59:53,362 - base_frame.py:472 * adam_beta2: 0.997
INFO: 2021-02-02 18:59:53,362 - base_frame.py:472 * adam_weight_decay: 0.01
INFO: 2021-02-02 18:59:53,362 - base_frame.py:472 * attention_pool: cross_dot_ffn
INFO: 2021-02-02 18:59:53,363 - base_frame.py:472 * base_lr: 0.001
INFO: 2021-02-02 18:59:53,363 - base_frame.py:472 * batch_shuffle_size: 128
INFO: 2021-02-02 18:59:53,363 - base_frame.py:472 * batch_size: 128
INFO: 2021-02-02 18:59:53,363 - base_frame.py:472 * conf_file: /home/fanmiao/sunke/KDD-2021/ST-PAC/epep/conf/poi_qac_personalized/poi_qac_personalized.local.conf.AttTrue-True-False-cross_dot_ffn-False-False.tmp
INFO: 2021-02-02 18:59:53,363 - base_frame.py:472 * cuda_visible_devices: 0
INFO: 2021-02-02 18:59:53,363 - base_frame.py:472 * data_reader: pyreader
INFO: 2021-02-02 18:59:53,363 - base_frame.py:472 * dataset_dir: ./train_data/
INFO: 2021-02-02 18:59:53,364 - base_frame.py:472 * dataset_mode: InMemoryDataset
INFO: 2021-02-02 18:59:53,364 - base_frame.py:472 * dataset_name: PoiQacPersonalized
INFO: 2021-02-02 18:59:53,364 - base_frame.py:472 * dataset_split_name: train
INFO: 2021-02-02 18:59:53,364 - base_frame.py:472 * debug_mode: False
INFO: 2021-02-02 18:59:53,364 - base_frame.py:472 * decr_every_n_nan_or_inf: 2
INFO: 2021-02-02 18:59:53,364 - base_frame.py:472 * decr_ratio: 0.8
INFO: 2021-02-02 18:59:53,364 - base_frame.py:472 * drop_last_batch: False
INFO: 2021-02-02 18:59:53,364 - base_frame.py:472 * dropout: 0.1
INFO: 2021-02-02 18:59:53,365 - base_frame.py:472 * emb_dim: 128
INFO: 2021-02-02 18:59:53,365 - base_frame.py:472 * emb_lr: 1.0
INFO: 2021-02-02 18:59:53,365 - base_frame.py:472 * end_learning_rate: 0.0001
INFO: 2021-02-02 18:59:53,365 - base_frame.py:472 * eval_batch_size: 128
INFO: 2021-02-02 18:59:53,365 - base_frame.py:472 * fc_dim: 64
INFO: 2021-02-02 18:59:53,365 - base_frame.py:472 * file_list: ../../data/P3AC/train.dat
INFO: 2021-02-02 18:59:53,365 - base_frame.py:472 * file_pattern: part-
INFO: 2021-02-02 18:59:53,365 - base_frame.py:472 * file_type: text
INFO: 2021-02-02 18:59:53,366 - base_frame.py:472 * fluid_bin: /home/fanmiao/anaconda3/envs/sunke/bin/python
INFO: 2021-02-02 18:59:53,366 - base_frame.py:472 * ftrl_initial_accumulator_value: 0.1
INFO: 2021-02-02 18:59:53,366 - base_frame.py:472 * ftrl_l1: 0.0
INFO: 2021-02-02 18:59:53,366 - base_frame.py:472 * ftrl_l2: 0.01
INFO: 2021-02-02 18:59:53,366 - base_frame.py:472 * ftrl_learning_rate_power: -0.1
INFO: 2021-02-02 18:59:53,366 - base_frame.py:472 * import_user_modules: datasets.poi_qac_personalized.qac_personalized,nets.poi_qac_personalized.qac_personalized
INFO: 2021-02-02 18:59:53,366 - base_frame.py:472 * incr_every_n_steps: 1000
INFO: 2021-02-02 18:59:53,366 - base_frame.py:472 * incr_ratio: 2.0
INFO: 2021-02-02 18:59:53,367 - base_frame.py:472 * init_learning_rate: 0
INFO: 2021-02-02 18:59:53,367 - base_frame.py:472 * init_loss_scaling: 1.0
INFO: 2021-02-02 18:59:53,367 - base_frame.py:472 * init_pretrain_model: None
INFO: 2021-02-02 18:59:53,367 - base_frame.py:472 * init_train_params: None
INFO: 2021-02-02 18:59:53,367 - base_frame.py:472 * kv_path: None
INFO: 2021-02-02 18:59:53,367 - base_frame.py:472 * learning_rate_decay_factor: 0.1
INFO: 2021-02-02 18:59:53,367 - base_frame.py:472 * learning_rate_decay_type: fixed
INFO: 2021-02-02 18:59:53,367 - base_frame.py:472 * learning_rate_polynomial_decay_cycle: False
INFO: 2021-02-02 18:59:53,367 - base_frame.py:472 * learning_rate_warmup_proportion: 0.1
INFO: 2021-02-02 18:59:53,368 - base_frame.py:472 * learning_rate_warmup_steps: 10000
INFO: 2021-02-02 18:59:53,368 - base_frame.py:472 * log_every_n_steps: 20
INFO: 2021-02-02 18:59:53,368 - base_frame.py:472 * loss_func: log_exp
INFO: 2021-02-02 18:59:53,368 - base_frame.py:472 * margin: 0.35
INFO: 2021-02-02 18:59:53,368 - base_frame.py:472 * max_number_of_steps: 600000
INFO: 2021-02-02 18:59:53,368 - base_frame.py:472 * max_seq_len: 128
INFO: 2021-02-02 18:59:53,368 - base_frame.py:472 * model_name: PoiQacPersonalized
INFO: 2021-02-02 18:59:53,368 - base_frame.py:472 * model_type: cnn_net
INFO: 2021-02-02 18:59:53,369 - base_frame.py:472 * momentum: 0.9
INFO: 2021-02-02 18:59:53,369 - base_frame.py:472 * moving_average_decay: None
INFO: 2021-02-02 18:59:53,369 - base_frame.py:472 * neg_sample_num: 5
INFO: 2021-02-02 18:59:53,369 - base_frame.py:472 * num_epochs_input: 10
INFO: 2021-02-02 18:59:53,369 - base_frame.py:472 * num_epochs_per_decay: 10
INFO: 2021-02-02 18:59:53,369 - base_frame.py:472 * num_gpus: 1
INFO: 2021-02-02 18:59:53,369 - base_frame.py:472 * num_in_dimension: 3
INFO: 2021-02-02 18:59:53,369 - base_frame.py:472 * num_out_dimension: 4
INFO: 2021-02-02 18:59:53,369 - base_frame.py:472 * num_preprocessing_threads: 1
INFO: 2021-02-02 18:59:53,370 - base_frame.py:472 * num_readers: 2
INFO: 2021-02-02 18:59:53,370 - base_frame.py:472 * num_samples: 100
INFO: 2021-02-02 18:59:53,370 - base_frame.py:472 * num_samples_eval: 10
INFO: 2021-02-02 18:59:53,370 - base_frame.py:472 * num_samples_train: 100
INFO: 2021-02-02 18:59:53,370 - base_frame.py:472 * opt_epsilon: 1e-08
INFO: 2021-02-02 18:59:53,370 - base_frame.py:472 * optimizer: adam
INFO: 2021-02-02 18:59:53,370 - base_frame.py:472 * platform: local-gpu
INFO: 2021-02-02 18:59:53,370 - base_frame.py:472 * poi_mlp: field
INFO: 2021-02-02 18:59:53,371 - base_frame.py:472 * poi_word_id: False
INFO: 2021-02-02 18:59:53,371 - base_frame.py:472 * pooling_type: max
INFO: 2021-02-02 18:59:53,371 - base_frame.py:472 * prefix_mlp: prefix
INFO: 2021-02-02 18:59:53,371 - base_frame.py:472 * prefix_word_id: False
INFO: 2021-02-02 18:59:53,371 - base_frame.py:472 * preprocessing_name: None
INFO: 2021-02-02 18:59:53,371 - base_frame.py:472 * py_reader_capacity: 128
INFO: 2021-02-02 18:59:53,371 - base_frame.py:472 * py_reader_iterable: True
INFO: 2021-02-02 18:59:53,371 - base_frame.py:472 * py_reader_use_double_buffer: True
INFO: 2021-02-02 18:59:53,371 - base_frame.py:472 * qac_dict_path: None
INFO: 2021-02-02 18:59:53,372 - base_frame.py:472 * reader_batch: True
INFO: 2021-02-02 18:59:53,372 - base_frame.py:472 * rmsprop_decay: 0.9
INFO: 2021-02-02 18:59:53,372 - base_frame.py:472 * sample_seed: 1234
INFO: 2021-02-02 18:59:53,372 - base_frame.py:472 * save_max_to_keep: 40
INFO: 2021-02-02 18:59:53,372 - base_frame.py:472 * save_model_secs: None
INFO: 2021-02-02 18:59:53,372 - base_frame.py:472 * save_model_steps: 500
INFO: 2021-02-02 18:59:53,372 - base_frame.py:472 * trace_every_n_steps: 1
INFO: 2021-02-02 18:59:53,372 - base_frame.py:472 * train_batch_size: 128
INFO: 2021-02-02 18:59:53,373 - base_frame.py:472 * train_dir: ../tmp/model/poi/qac/save_model_logexp_attTrue_prewFalse_geoTrue_poiacross_dot_ffn_poiwFalse
INFO: 2021-02-02 18:59:53,373 - base_frame.py:472 * use_attention: True
INFO: 2021-02-02 18:59:53,373 - base_frame.py:472 * use_dayid: False
INFO: 2021-02-02 18:59:53,373 - base_frame.py:472 * use_dynamic_loss_scaling: True
INFO: 2021-02-02 18:59:53,373 - base_frame.py:472 * use_fp16: False
INFO: 2021-02-02 18:59:53,373 - base_frame.py:472 * use_geohash: True
INFO: 2021-02-02 18:59:53,373 - base_frame.py:472 * vocab_size: 93897
INFO: 2021-02-02 18:59:53,373 - base_frame.py:472 * weight_decay: None
INFO: 2021-02-02 18:59:53,374 - base_frame.py:472 * window_size: 3
INFO: 2021-02-02 18:59:53,374 - base_frame.py:473 * ------------------------------------------------
INFO: 2021-02-02 18:59:53,565 - base_frame.py:272 * train debug tensors:['loss']
INFO: 2021-02-02 18:59:57,864 - sample_reader.py:76 * current worker file_list: ../../data/P3AC/train.dat
INFO: 2021-02-02 19:01:09,489 - base_frame.py:470 * -----------  Configuration Arguments -----------
INFO: 2021-02-02 19:01:09,490 - base_frame.py:472 * activate: None
INFO: 2021-02-02 19:01:09,490 - base_frame.py:472 * adadelta_rho: 0.95
INFO: 2021-02-02 19:01:09,490 - base_frame.py:472 * adagrad_initial_accumulator_value: 0.1
INFO: 2021-02-02 19:01:09,490 - base_frame.py:472 * adam_beta1: 0.9
INFO: 2021-02-02 19:01:09,490 - base_frame.py:472 * adam_beta2: 0.997
INFO: 2021-02-02 19:01:09,490 - base_frame.py:472 * adam_weight_decay: 0.01
INFO: 2021-02-02 19:01:09,491 - base_frame.py:472 * attention_pool: cross_dot_ffn
INFO: 2021-02-02 19:01:09,491 - base_frame.py:472 * base_lr: 0.001
INFO: 2021-02-02 19:01:09,491 - base_frame.py:472 * batch_shuffle_size: 128
INFO: 2021-02-02 19:01:09,491 - base_frame.py:472 * batch_size: 128
INFO: 2021-02-02 19:01:09,491 - base_frame.py:472 * conf_file: /home/fanmiao/sunke/KDD-2021/ST-PAC/epep/conf/poi_qac_personalized/mst_fine_tuning.local.conf.AttTrue-True-False-cross_dot_ffn-False.tmp
INFO: 2021-02-02 19:01:09,491 - base_frame.py:472 * cuda_visible_devices: 1
INFO: 2021-02-02 19:01:09,491 - base_frame.py:472 * data_reader: pyreader
INFO: 2021-02-02 19:01:09,491 - base_frame.py:472 * dataset_dir: ./train_data/
INFO: 2021-02-02 19:01:09,491 - base_frame.py:472 * dataset_mode: InMemoryDataset
INFO: 2021-02-02 19:01:09,492 - base_frame.py:472 * dataset_name: PoiQacPersonalized
INFO: 2021-02-02 19:01:09,492 - base_frame.py:472 * dataset_split_name: train
INFO: 2021-02-02 19:01:09,492 - base_frame.py:472 * debug_mode: False
INFO: 2021-02-02 19:01:09,492 - base_frame.py:472 * decr_every_n_nan_or_inf: 2
INFO: 2021-02-02 19:01:09,492 - base_frame.py:472 * decr_ratio: 0.8
INFO: 2021-02-02 19:01:09,492 - base_frame.py:472 * drop_last_batch: False
INFO: 2021-02-02 19:01:09,492 - base_frame.py:472 * dropout: 0.1
INFO: 2021-02-02 19:01:09,492 - base_frame.py:472 * emb_dim: 128
INFO: 2021-02-02 19:01:09,493 - base_frame.py:472 * emb_lr: 1.0
INFO: 2021-02-02 19:01:09,493 - base_frame.py:472 * end_learning_rate: 0.0001
INFO: 2021-02-02 19:01:09,493 - base_frame.py:472 * eval_batch_size: 128
INFO: 2021-02-02 19:01:09,493 - base_frame.py:472 * fc_dim: 64
INFO: 2021-02-02 19:01:09,493 - base_frame.py:472 * file_list: ../../data/MST-PAC/fine_tuning/11100011010101011111
INFO: 2021-02-02 19:01:09,493 - base_frame.py:472 * file_pattern: part-
INFO: 2021-02-02 19:01:09,493 - base_frame.py:472 * file_type: text
INFO: 2021-02-02 19:01:09,493 - base_frame.py:472 * fluid_bin: /home/fanmiao/anaconda3/envs/sunke/bin/python
INFO: 2021-02-02 19:01:09,494 - base_frame.py:472 * ftrl_initial_accumulator_value: 0.1
INFO: 2021-02-02 19:01:09,494 - base_frame.py:472 * ftrl_l1: 0.0
INFO: 2021-02-02 19:01:09,494 - base_frame.py:472 * ftrl_l2: 0.01
INFO: 2021-02-02 19:01:09,494 - base_frame.py:472 * ftrl_learning_rate_power: -0.1
INFO: 2021-02-02 19:01:09,494 - base_frame.py:472 * import_user_modules: datasets.poi_qac_personalized.qac_personalized,nets.poi_qac_personalized.qac_personalized
INFO: 2021-02-02 19:01:09,494 - base_frame.py:472 * incr_every_n_steps: 1000
INFO: 2021-02-02 19:01:09,494 - base_frame.py:472 * incr_ratio: 2.0
INFO: 2021-02-02 19:01:09,494 - base_frame.py:472 * init_learning_rate: 0
INFO: 2021-02-02 19:01:09,494 - base_frame.py:472 * init_loss_scaling: 1.0
INFO: 2021-02-02 19:01:09,495 - base_frame.py:472 * init_pretrain_model: ../../MST-PAC/tmp/model/poi/qac/save_model_logexp_attTrue_prewFalse_geoTrue_poiacross_dot_ffn_poiwFalse/checkpoint_final
INFO: 2021-02-02 19:01:09,495 - base_frame.py:472 * init_train_params: None
INFO: 2021-02-02 19:01:09,495 - base_frame.py:472 * kv_path: None
INFO: 2021-02-02 19:01:09,495 - base_frame.py:472 * learning_rate_decay_factor: 0.1
INFO: 2021-02-02 19:01:09,495 - base_frame.py:472 * learning_rate_decay_type: fixed
INFO: 2021-02-02 19:01:09,495 - base_frame.py:472 * learning_rate_polynomial_decay_cycle: False
INFO: 2021-02-02 19:01:09,495 - base_frame.py:472 * learning_rate_warmup_proportion: 0.1
INFO: 2021-02-02 19:01:09,495 - base_frame.py:472 * learning_rate_warmup_steps: 10000
INFO: 2021-02-02 19:01:09,496 - base_frame.py:472 * log_every_n_steps: 20
INFO: 2021-02-02 19:01:09,496 - base_frame.py:472 * loss_func: log_exp
INFO: 2021-02-02 19:01:09,496 - base_frame.py:472 * margin: 0.35
INFO: 2021-02-02 19:01:09,496 - base_frame.py:472 * max_number_of_steps: 600
INFO: 2021-02-02 19:01:09,496 - base_frame.py:472 * max_seq_len: 128
INFO: 2021-02-02 19:01:09,496 - base_frame.py:472 * model_name: PoiQacPersonalized
INFO: 2021-02-02 19:01:09,496 - base_frame.py:472 * model_type: cnn_net
INFO: 2021-02-02 19:01:09,496 - base_frame.py:472 * momentum: 0.9
INFO: 2021-02-02 19:01:09,496 - base_frame.py:472 * moving_average_decay: None
INFO: 2021-02-02 19:01:09,497 - base_frame.py:472 * neg_sample_num: 5
INFO: 2021-02-02 19:01:09,497 - base_frame.py:472 * num_epochs_input: 1
INFO: 2021-02-02 19:01:09,497 - base_frame.py:472 * num_epochs_per_decay: 10
INFO: 2021-02-02 19:01:09,497 - base_frame.py:472 * num_gpus: 1
INFO: 2021-02-02 19:01:09,497 - base_frame.py:472 * num_in_dimension: 3
INFO: 2021-02-02 19:01:09,497 - base_frame.py:472 * num_out_dimension: 4
INFO: 2021-02-02 19:01:09,497 - base_frame.py:472 * num_preprocessing_threads: 1
INFO: 2021-02-02 19:01:09,497 - base_frame.py:472 * num_readers: 2
INFO: 2021-02-02 19:01:09,498 - base_frame.py:472 * num_samples: 100
INFO: 2021-02-02 19:01:09,498 - base_frame.py:472 * num_samples_eval: 10
INFO: 2021-02-02 19:01:09,498 - base_frame.py:472 * num_samples_train: 100
INFO: 2021-02-02 19:01:09,498 - base_frame.py:472 * opt_epsilon: 1e-08
INFO: 2021-02-02 19:01:09,498 - base_frame.py:472 * optimizer: adam
INFO: 2021-02-02 19:01:09,498 - base_frame.py:472 * platform: local-gpu
INFO: 2021-02-02 19:01:09,498 - base_frame.py:472 * poi_mlp: field
INFO: 2021-02-02 19:01:09,498 - base_frame.py:472 * poi_word_id: False
INFO: 2021-02-02 19:01:09,498 - base_frame.py:472 * pooling_type: max
INFO: 2021-02-02 19:01:09,499 - base_frame.py:472 * prefix_mlp: prefix
INFO: 2021-02-02 19:01:09,499 - base_frame.py:472 * prefix_word_id: False
INFO: 2021-02-02 19:01:09,499 - base_frame.py:472 * preprocessing_name: None
INFO: 2021-02-02 19:01:09,499 - base_frame.py:472 * py_reader_capacity: 128
INFO: 2021-02-02 19:01:09,499 - base_frame.py:472 * py_reader_iterable: True
INFO: 2021-02-02 19:01:09,499 - base_frame.py:472 * py_reader_use_double_buffer: True
INFO: 2021-02-02 19:01:09,499 - base_frame.py:472 * qac_dict_path: None
INFO: 2021-02-02 19:01:09,499 - base_frame.py:472 * reader_batch: True
INFO: 2021-02-02 19:01:09,499 - base_frame.py:472 * rmsprop_decay: 0.9
INFO: 2021-02-02 19:01:09,500 - base_frame.py:472 * sample_seed: 1234
INFO: 2021-02-02 19:01:09,500 - base_frame.py:472 * save_max_to_keep: 40
INFO: 2021-02-02 19:01:09,500 - base_frame.py:472 * save_model_secs: None
INFO: 2021-02-02 19:01:09,500 - base_frame.py:472 * save_model_steps: 200
INFO: 2021-02-02 19:01:09,500 - base_frame.py:472 * trace_every_n_steps: 1
INFO: 2021-02-02 19:01:09,500 - base_frame.py:472 * train_batch_size: 128
INFO: 2021-02-02 19:01:09,500 - base_frame.py:472 * train_dir: ../tmp/model/poi/qac/save_model/fine_tuning
INFO: 2021-02-02 19:01:09,500 - base_frame.py:472 * use_attention: True
INFO: 2021-02-02 19:01:09,501 - base_frame.py:472 * use_dayid: False
INFO: 2021-02-02 19:01:09,501 - base_frame.py:472 * use_dynamic_loss_scaling: True
INFO: 2021-02-02 19:01:09,501 - base_frame.py:472 * use_fp16: False
INFO: 2021-02-02 19:01:09,501 - base_frame.py:472 * use_geohash: True
INFO: 2021-02-02 19:01:09,501 - base_frame.py:472 * vocab_size: 93897
INFO: 2021-02-02 19:01:09,501 - base_frame.py:472 * weight_decay: None
INFO: 2021-02-02 19:01:09,501 - base_frame.py:472 * window_size: 3
INFO: 2021-02-02 19:01:09,501 - base_frame.py:473 * ------------------------------------------------
INFO: 2021-02-02 19:01:09,712 - base_frame.py:272 * train debug tensors:['loss']
INFO: 2021-02-02 19:01:14,791 - cpu_trainer.py:203 * Load pretrain persistables from ../../MST-PAC/tmp/model/poi/qac/save_model_logexp_attTrue_prewFalse_geoTrue_poiacross_dot_ffn_poiwFalse/checkpoint_final.
INFO: 2021-02-02 19:01:14,793 - sample_reader.py:76 * current worker file_list: ../../data/MST-PAC/fine_tuning/11100011010101011111
INFO: 2021-02-02 19:01:17,683 - cpu_trainer.py:62 * save_max_to_keep: 40, current ckpt_list: ['../tmp/model/poi/qac/save_model/fine_tuning/checkpoint_final']
INFO: 2021-02-02 19:01:17,685 - base_frame.py:436 * paddle training stopped.
INFO: 2021-02-02 19:01:20,239 - base_frame.py:470 * -----------  Configuration Arguments -----------
INFO: 2021-02-02 19:01:20,239 - base_frame.py:472 * activate: None
INFO: 2021-02-02 19:01:20,239 - base_frame.py:472 * attention_pool: cross_dot_ffn
INFO: 2021-02-02 19:01:20,239 - base_frame.py:472 * base_lr: 0.001
INFO: 2021-02-02 19:01:20,239 - base_frame.py:472 * batch_shuffle_size: 0
INFO: 2021-02-02 19:01:20,239 - base_frame.py:472 * batch_size: 128
INFO: 2021-02-02 19:01:20,240 - base_frame.py:472 * conf_file: /home/fanmiao/sunke/KDD-2021/ST-PAC/epep/conf/poi_qac_personalized/mst_fine_tuning.local.conf.AttTrue-True-False-cross_dot_ffn-False.tmp
INFO: 2021-02-02 19:01:20,240 - base_frame.py:472 * cuda_visible_devices: 1
INFO: 2021-02-02 19:01:20,240 - base_frame.py:472 * data_reader: pyreader
INFO: 2021-02-02 19:01:20,240 - base_frame.py:472 * dataset_dir: ./train_data/
INFO: 2021-02-02 19:01:20,240 - base_frame.py:472 * dataset_mode: InMemoryDataset
INFO: 2021-02-02 19:01:20,240 - base_frame.py:472 * dataset_name: PoiQacPersonalized
INFO: 2021-02-02 19:01:20,240 - base_frame.py:472 * dataset_split_name: validation
INFO: 2021-02-02 19:01:20,240 - base_frame.py:472 * debug_mode: False
INFO: 2021-02-02 19:01:20,240 - base_frame.py:472 * decr_every_n_nan_or_inf: 2
INFO: 2021-02-02 19:01:20,241 - base_frame.py:472 * decr_ratio: 0.8
INFO: 2021-02-02 19:01:20,241 - base_frame.py:472 * drop_last_batch: True
INFO: 2021-02-02 19:01:20,241 - base_frame.py:472 * dropout: None
INFO: 2021-02-02 19:01:20,241 - base_frame.py:472 * dump_vec: eval
INFO: 2021-02-02 19:01:20,242 - base_frame.py:472 * emb_dim: 128
INFO: 2021-02-02 19:01:20,242 - base_frame.py:472 * emb_lr: 1.0
INFO: 2021-02-02 19:01:20,242 - base_frame.py:472 * eval_batch_size: 128
INFO: 2021-02-02 19:01:20,242 - base_frame.py:472 * eval_dir: ../tmp/model/poi/qac/save_model/fine_tuning/checkpoint_1
INFO: 2021-02-02 19:01:20,242 - base_frame.py:472 * eval_once: True
INFO: 2021-02-02 19:01:20,242 - base_frame.py:472 * export_dir: ../tmp/model/poi/qac/save_model/fine_tuning
INFO: 2021-02-02 19:01:20,242 - base_frame.py:472 * fc_dim: 64
INFO: 2021-02-02 19:01:20,243 - base_frame.py:472 * file_list: ../../data/MST-PAC/test/11100011010101011111
INFO: 2021-02-02 19:01:20,243 - base_frame.py:472 * file_pattern: part-
INFO: 2021-02-02 19:01:20,243 - base_frame.py:472 * file_type: text
INFO: 2021-02-02 19:01:20,243 - base_frame.py:472 * fluid_bin: /home/fanmiao/anaconda3/envs/sunke/bin/python
INFO: 2021-02-02 19:01:20,243 - base_frame.py:472 * import_user_modules: datasets.poi_qac_personalized.qac_personalized,nets.poi_qac_personalized.qac_personalized
INFO: 2021-02-02 19:01:20,243 - base_frame.py:472 * incr_every_n_steps: 1000
INFO: 2021-02-02 19:01:20,243 - base_frame.py:472 * incr_ratio: 2.0
INFO: 2021-02-02 19:01:20,243 - base_frame.py:472 * init_loss_scaling: 1.0
INFO: 2021-02-02 19:01:20,243 - base_frame.py:472 * init_pretrain_model: ../tmp/model/poi/qac/save_model/fine_tuning/checkpoint_final
INFO: 2021-02-02 19:01:20,244 - base_frame.py:472 * init_train_params: None
INFO: 2021-02-02 19:01:20,244 - base_frame.py:472 * kv_path: None
INFO: 2021-02-02 19:01:20,244 - base_frame.py:472 * margin: 0.35
INFO: 2021-02-02 19:01:20,244 - base_frame.py:472 * max_number_of_steps: 600
INFO: 2021-02-02 19:01:20,244 - base_frame.py:472 * max_seq_len: 128
INFO: 2021-02-02 19:01:20,244 - base_frame.py:472 * model_name: PoiQacPersonalized
INFO: 2021-02-02 19:01:20,244 - base_frame.py:472 * model_type: cnn_net
INFO: 2021-02-02 19:01:20,244 - base_frame.py:472 * num_epochs_input: 1
INFO: 2021-02-02 19:01:20,245 - base_frame.py:472 * num_gpus: 0
INFO: 2021-02-02 19:01:20,245 - base_frame.py:472 * num_in_dimension: 3
INFO: 2021-02-02 19:01:20,245 - base_frame.py:472 * num_out_dimension: 4
INFO: 2021-02-02 19:01:20,245 - base_frame.py:472 * num_preprocessing_threads: 1
INFO: 2021-02-02 19:01:20,245 - base_frame.py:472 * num_readers: 2
INFO: 2021-02-02 19:01:20,245 - base_frame.py:472 * num_samples: 10
INFO: 2021-02-02 19:01:20,245 - base_frame.py:472 * num_samples_eval: 10
INFO: 2021-02-02 19:01:20,245 - base_frame.py:472 * num_samples_train: 100
INFO: 2021-02-02 19:01:20,246 - base_frame.py:472 * platform: local-cpu
INFO: 2021-02-02 19:01:20,246 - base_frame.py:472 * poi_mlp: field
INFO: 2021-02-02 19:01:20,246 - base_frame.py:472 * poi_word_id: False
INFO: 2021-02-02 19:01:20,246 - base_frame.py:472 * pooling_type: max
INFO: 2021-02-02 19:01:20,246 - base_frame.py:472 * prefix_mlp: prefix
INFO: 2021-02-02 19:01:20,246 - base_frame.py:472 * prefix_word_id: False
INFO: 2021-02-02 19:01:20,246 - base_frame.py:472 * preprocessing_name: None
INFO: 2021-02-02 19:01:20,247 - base_frame.py:472 * proc_name: pred
INFO: 2021-02-02 19:01:20,247 - base_frame.py:472 * py_reader_capacity: 128
INFO: 2021-02-02 19:01:20,247 - base_frame.py:472 * py_reader_iterable: True
INFO: 2021-02-02 19:01:20,247 - base_frame.py:472 * py_reader_use_double_buffer: True
INFO: 2021-02-02 19:01:20,247 - base_frame.py:472 * qac_dict_path: None
INFO: 2021-02-02 19:01:20,247 - base_frame.py:472 * reader_batch: False
INFO: 2021-02-02 19:01:20,247 - base_frame.py:472 * sample_seed: 1234
INFO: 2021-02-02 19:01:20,247 - base_frame.py:472 * save_model_steps: 100
INFO: 2021-02-02 19:01:20,247 - base_frame.py:472 * train_batch_size: 128
INFO: 2021-02-02 19:01:20,248 - base_frame.py:472 * use_attention: True
INFO: 2021-02-02 19:01:20,248 - base_frame.py:472 * use_dayid: False
INFO: 2021-02-02 19:01:20,248 - base_frame.py:472 * use_dynamic_loss_scaling: True
INFO: 2021-02-02 19:01:20,248 - base_frame.py:472 * use_fp16: False
INFO: 2021-02-02 19:01:20,248 - base_frame.py:472 * use_geohash: True
INFO: 2021-02-02 19:01:20,248 - base_frame.py:472 * vocab_size: 93897
INFO: 2021-02-02 19:01:20,248 - base_frame.py:472 * window_size: 3
INFO: 2021-02-02 19:01:20,248 - base_frame.py:473 * ------------------------------------------------
INFO: 2021-02-02 19:01:20,802 - cpu_predictor.py:129 * Load pretrain parameters from ../tmp/model/poi/qac/save_model/fine_tuning/checkpoint_final.
INFO: 2021-02-02 19:01:20,804 - sample_reader.py:76 * current worker file_list: ../../data/MST-PAC/test/11100011010101011111
INFO: 2021-02-02 19:01:57,452 - base_frame.py:470 * -----------  Configuration Arguments -----------
INFO: 2021-02-02 19:01:57,452 - base_frame.py:472 * activate: None
INFO: 2021-02-02 19:01:57,453 - base_frame.py:472 * adadelta_rho: 0.95
INFO: 2021-02-02 19:01:57,453 - base_frame.py:472 * adagrad_initial_accumulator_value: 0.1
INFO: 2021-02-02 19:01:57,453 - base_frame.py:472 * adam_beta1: 0.9
INFO: 2021-02-02 19:01:57,453 - base_frame.py:472 * adam_beta2: 0.997
INFO: 2021-02-02 19:01:57,453 - base_frame.py:472 * adam_weight_decay: 0.01
INFO: 2021-02-02 19:01:57,453 - base_frame.py:472 * attention_pool: cross_dot_ffn
INFO: 2021-02-02 19:01:57,453 - base_frame.py:472 * base_lr: 0.001
INFO: 2021-02-02 19:01:57,454 - base_frame.py:472 * batch_shuffle_size: 128
INFO: 2021-02-02 19:01:57,454 - base_frame.py:472 * batch_size: 128
INFO: 2021-02-02 19:01:57,454 - base_frame.py:472 * conf_file: /home/fanmiao/sunke/KDD-2021/ST-PAC/epep/conf/poi_qac_personalized/mst_fine_tuning.local.conf.AttTrue-True-False-cross_dot_ffn-False.tmp
INFO: 2021-02-02 19:01:57,454 - base_frame.py:472 * cuda_visible_devices: 1
INFO: 2021-02-02 19:01:57,454 - base_frame.py:472 * data_reader: pyreader
INFO: 2021-02-02 19:01:57,454 - base_frame.py:472 * dataset_dir: ./train_data/
INFO: 2021-02-02 19:01:57,454 - base_frame.py:472 * dataset_mode: InMemoryDataset
INFO: 2021-02-02 19:01:57,454 - base_frame.py:472 * dataset_name: PoiQacPersonalized
INFO: 2021-02-02 19:01:57,454 - base_frame.py:472 * dataset_split_name: train
INFO: 2021-02-02 19:01:57,455 - base_frame.py:472 * debug_mode: False
INFO: 2021-02-02 19:01:57,455 - base_frame.py:472 * decr_every_n_nan_or_inf: 2
INFO: 2021-02-02 19:01:57,455 - base_frame.py:472 * decr_ratio: 0.8
INFO: 2021-02-02 19:01:57,455 - base_frame.py:472 * drop_last_batch: False
INFO: 2021-02-02 19:01:57,455 - base_frame.py:472 * dropout: 0.1
INFO: 2021-02-02 19:01:57,455 - base_frame.py:472 * emb_dim: 128
INFO: 2021-02-02 19:01:57,455 - base_frame.py:472 * emb_lr: 1.0
INFO: 2021-02-02 19:01:57,455 - base_frame.py:472 * end_learning_rate: 0.0001
INFO: 2021-02-02 19:01:57,456 - base_frame.py:472 * eval_batch_size: 128
INFO: 2021-02-02 19:01:57,456 - base_frame.py:472 * fc_dim: 64
INFO: 2021-02-02 19:01:57,456 - base_frame.py:472 * file_list: ../../data/MST-PAC/fine_tuning/11100011010101011111
INFO: 2021-02-02 19:01:57,456 - base_frame.py:472 * file_pattern: part-
INFO: 2021-02-02 19:01:57,456 - base_frame.py:472 * file_type: text
INFO: 2021-02-02 19:01:57,456 - base_frame.py:472 * fluid_bin: /home/fanmiao/anaconda3/envs/sunke/bin/python
INFO: 2021-02-02 19:01:57,456 - base_frame.py:472 * ftrl_initial_accumulator_value: 0.1
INFO: 2021-02-02 19:01:57,456 - base_frame.py:472 * ftrl_l1: 0.0
INFO: 2021-02-02 19:01:57,457 - base_frame.py:472 * ftrl_l2: 0.01
INFO: 2021-02-02 19:01:57,457 - base_frame.py:472 * ftrl_learning_rate_power: -0.1
INFO: 2021-02-02 19:01:57,457 - base_frame.py:472 * import_user_modules: datasets.poi_qac_personalized.qac_personalized,nets.poi_qac_personalized.qac_personalized
INFO: 2021-02-02 19:01:57,457 - base_frame.py:472 * incr_every_n_steps: 1000
INFO: 2021-02-02 19:01:57,457 - base_frame.py:472 * incr_ratio: 2.0
INFO: 2021-02-02 19:01:57,457 - base_frame.py:472 * init_learning_rate: 0
INFO: 2021-02-02 19:01:57,457 - base_frame.py:472 * init_loss_scaling: 1.0
INFO: 2021-02-02 19:01:57,457 - base_frame.py:472 * init_pretrain_model: ../../MST-PAC/tmp/model/poi/qac/save_model_logexp_attTrue_prewFalse_geoTrue_poiacross_dot_ffn_poiwFalse/checkpoint_final
INFO: 2021-02-02 19:01:57,458 - base_frame.py:472 * init_train_params: None
INFO: 2021-02-02 19:01:57,458 - base_frame.py:472 * kv_path: None
INFO: 2021-02-02 19:01:57,458 - base_frame.py:472 * learning_rate_decay_factor: 0.1
INFO: 2021-02-02 19:01:57,458 - base_frame.py:472 * learning_rate_decay_type: fixed
INFO: 2021-02-02 19:01:57,458 - base_frame.py:472 * learning_rate_polynomial_decay_cycle: False
INFO: 2021-02-02 19:01:57,458 - base_frame.py:472 * learning_rate_warmup_proportion: 0.1
INFO: 2021-02-02 19:01:57,458 - base_frame.py:472 * learning_rate_warmup_steps: 10000
INFO: 2021-02-02 19:01:57,458 - base_frame.py:472 * log_every_n_steps: 20
INFO: 2021-02-02 19:01:57,459 - base_frame.py:472 * loss_func: log_exp
INFO: 2021-02-02 19:01:57,459 - base_frame.py:472 * margin: 0.35
INFO: 2021-02-02 19:01:57,459 - base_frame.py:472 * max_number_of_steps: 600
INFO: 2021-02-02 19:01:57,459 - base_frame.py:472 * max_seq_len: 128
INFO: 2021-02-02 19:01:57,459 - base_frame.py:472 * model_name: PoiQacPersonalized
INFO: 2021-02-02 19:01:57,459 - base_frame.py:472 * model_type: cnn_net
INFO: 2021-02-02 19:01:57,459 - base_frame.py:472 * momentum: 0.9
INFO: 2021-02-02 19:01:57,459 - base_frame.py:472 * moving_average_decay: None
INFO: 2021-02-02 19:01:57,459 - base_frame.py:472 * neg_sample_num: 5
INFO: 2021-02-02 19:01:57,460 - base_frame.py:472 * num_epochs_input: 1
INFO: 2021-02-02 19:01:57,460 - base_frame.py:472 * num_epochs_per_decay: 10
INFO: 2021-02-02 19:01:57,460 - base_frame.py:472 * num_gpus: 1
INFO: 2021-02-02 19:01:57,460 - base_frame.py:472 * num_in_dimension: 3
INFO: 2021-02-02 19:01:57,460 - base_frame.py:472 * num_out_dimension: 4
INFO: 2021-02-02 19:01:57,460 - base_frame.py:472 * num_preprocessing_threads: 1
INFO: 2021-02-02 19:01:57,460 - base_frame.py:472 * num_readers: 2
INFO: 2021-02-02 19:01:57,460 - base_frame.py:472 * num_samples: 100
INFO: 2021-02-02 19:01:57,461 - base_frame.py:472 * num_samples_eval: 10
INFO: 2021-02-02 19:01:57,461 - base_frame.py:472 * num_samples_train: 100
INFO: 2021-02-02 19:01:57,461 - base_frame.py:472 * opt_epsilon: 1e-08
INFO: 2021-02-02 19:01:57,461 - base_frame.py:472 * optimizer: adam
INFO: 2021-02-02 19:01:57,461 - base_frame.py:472 * platform: local-gpu
INFO: 2021-02-02 19:01:57,461 - base_frame.py:472 * poi_mlp: field
INFO: 2021-02-02 19:01:57,461 - base_frame.py:472 * poi_word_id: False
INFO: 2021-02-02 19:01:57,461 - base_frame.py:472 * pooling_type: max
INFO: 2021-02-02 19:01:57,461 - base_frame.py:472 * prefix_mlp: prefix
INFO: 2021-02-02 19:01:57,462 - base_frame.py:472 * prefix_word_id: False
INFO: 2021-02-02 19:01:57,462 - base_frame.py:472 * preprocessing_name: None
INFO: 2021-02-02 19:01:57,462 - base_frame.py:472 * py_reader_capacity: 128
INFO: 2021-02-02 19:01:57,462 - base_frame.py:472 * py_reader_iterable: True
INFO: 2021-02-02 19:01:57,462 - base_frame.py:472 * py_reader_use_double_buffer: True
INFO: 2021-02-02 19:01:57,462 - base_frame.py:472 * qac_dict_path: None
INFO: 2021-02-02 19:01:57,462 - base_frame.py:472 * reader_batch: True
INFO: 2021-02-02 19:01:57,462 - base_frame.py:472 * rmsprop_decay: 0.9
INFO: 2021-02-02 19:01:57,463 - base_frame.py:472 * sample_seed: 1234
INFO: 2021-02-02 19:01:57,463 - base_frame.py:472 * save_max_to_keep: 40
INFO: 2021-02-02 19:01:57,463 - base_frame.py:472 * save_model_secs: None
INFO: 2021-02-02 19:01:57,463 - base_frame.py:472 * save_model_steps: 200
INFO: 2021-02-02 19:01:57,463 - base_frame.py:472 * trace_every_n_steps: 1
INFO: 2021-02-02 19:01:57,463 - base_frame.py:472 * train_batch_size: 128
INFO: 2021-02-02 19:01:57,463 - base_frame.py:472 * train_dir: ../tmp/model/poi/qac/save_model/fine_tuning
INFO: 2021-02-02 19:01:57,463 - base_frame.py:472 * use_attention: True
INFO: 2021-02-02 19:01:57,463 - base_frame.py:472 * use_dayid: False
INFO: 2021-02-02 19:01:57,464 - base_frame.py:472 * use_dynamic_loss_scaling: True
INFO: 2021-02-02 19:01:57,464 - base_frame.py:472 * use_fp16: False
INFO: 2021-02-02 19:01:57,464 - base_frame.py:472 * use_geohash: True
INFO: 2021-02-02 19:01:57,464 - base_frame.py:472 * vocab_size: 93897
INFO: 2021-02-02 19:01:57,464 - base_frame.py:472 * weight_decay: None
INFO: 2021-02-02 19:01:57,464 - base_frame.py:472 * window_size: 3
INFO: 2021-02-02 19:01:57,464 - base_frame.py:473 * ------------------------------------------------
INFO: 2021-02-02 19:01:57,663 - base_frame.py:272 * train debug tensors:['loss']
INFO: 2021-02-02 19:02:01,685 - cpu_trainer.py:203 * Load pretrain persistables from ../../MST-PAC/tmp/model/poi/qac/save_model_logexp_attTrue_prewFalse_geoTrue_poiacross_dot_ffn_poiwFalse/checkpoint_final.
INFO: 2021-02-02 19:02:01,686 - sample_reader.py:76 * current worker file_list: ../../data/MST-PAC/fine_tuning/11100011010101011111
INFO: 2021-02-02 19:02:05,191 - cpu_trainer.py:62 * save_max_to_keep: 40, current ckpt_list: ['../tmp/model/poi/qac/save_model/fine_tuning/checkpoint_final']
INFO: 2021-02-02 19:02:05,193 - base_frame.py:436 * paddle training stopped.
INFO: 2021-02-02 19:02:07,617 - base_frame.py:470 * -----------  Configuration Arguments -----------
INFO: 2021-02-02 19:02:07,617 - base_frame.py:472 * activate: None
INFO: 2021-02-02 19:02:07,617 - base_frame.py:472 * attention_pool: cross_dot_ffn
INFO: 2021-02-02 19:02:07,617 - base_frame.py:472 * base_lr: 0.001
INFO: 2021-02-02 19:02:07,617 - base_frame.py:472 * batch_shuffle_size: 0
INFO: 2021-02-02 19:02:07,618 - base_frame.py:472 * batch_size: 128
INFO: 2021-02-02 19:02:07,618 - base_frame.py:472 * conf_file: /home/fanmiao/sunke/KDD-2021/ST-PAC/epep/conf/poi_qac_personalized/mst_fine_tuning.local.conf.AttTrue-True-False-cross_dot_ffn-False.tmp
INFO: 2021-02-02 19:02:07,618 - base_frame.py:472 * cuda_visible_devices: 1
INFO: 2021-02-02 19:02:07,618 - base_frame.py:472 * data_reader: pyreader
INFO: 2021-02-02 19:02:07,618 - base_frame.py:472 * dataset_dir: ./train_data/
INFO: 2021-02-02 19:02:07,618 - base_frame.py:472 * dataset_mode: InMemoryDataset
INFO: 2021-02-02 19:02:07,618 - base_frame.py:472 * dataset_name: PoiQacPersonalized
INFO: 2021-02-02 19:02:07,618 - base_frame.py:472 * dataset_split_name: validation
INFO: 2021-02-02 19:02:07,619 - base_frame.py:472 * debug_mode: False
INFO: 2021-02-02 19:02:07,619 - base_frame.py:472 * decr_every_n_nan_or_inf: 2
INFO: 2021-02-02 19:02:07,619 - base_frame.py:472 * decr_ratio: 0.8
INFO: 2021-02-02 19:02:07,619 - base_frame.py:472 * drop_last_batch: True
INFO: 2021-02-02 19:02:07,619 - base_frame.py:472 * dropout: None
INFO: 2021-02-02 19:02:07,619 - base_frame.py:472 * dump_vec: eval
INFO: 2021-02-02 19:02:07,619 - base_frame.py:472 * emb_dim: 128
INFO: 2021-02-02 19:02:07,619 - base_frame.py:472 * emb_lr: 1.0
INFO: 2021-02-02 19:02:07,620 - base_frame.py:472 * eval_batch_size: 128
INFO: 2021-02-02 19:02:07,620 - base_frame.py:472 * eval_dir: ../tmp/model/poi/qac/save_model/fine_tuning/checkpoint_1
INFO: 2021-02-02 19:02:07,620 - base_frame.py:472 * eval_once: True
INFO: 2021-02-02 19:02:07,620 - base_frame.py:472 * export_dir: ../tmp/model/poi/qac/save_model/fine_tuning
INFO: 2021-02-02 19:02:07,620 - base_frame.py:472 * fc_dim: 64
INFO: 2021-02-02 19:02:07,620 - base_frame.py:472 * file_list: ../../data/MST-PAC/test/11100011010101011111
INFO: 2021-02-02 19:02:07,620 - base_frame.py:472 * file_pattern: part-
INFO: 2021-02-02 19:02:07,620 - base_frame.py:472 * file_type: text
INFO: 2021-02-02 19:02:07,621 - base_frame.py:472 * fluid_bin: /home/fanmiao/anaconda3/envs/sunke/bin/python
INFO: 2021-02-02 19:02:07,621 - base_frame.py:472 * import_user_modules: datasets.poi_qac_personalized.qac_personalized,nets.poi_qac_personalized.qac_personalized
INFO: 2021-02-02 19:02:07,621 - base_frame.py:472 * incr_every_n_steps: 1000
INFO: 2021-02-02 19:02:07,621 - base_frame.py:472 * incr_ratio: 2.0
INFO: 2021-02-02 19:02:07,621 - base_frame.py:472 * init_loss_scaling: 1.0
INFO: 2021-02-02 19:02:07,621 - base_frame.py:472 * init_pretrain_model: ../tmp/model/poi/qac/save_model/fine_tuning/checkpoint_final
INFO: 2021-02-02 19:02:07,621 - base_frame.py:472 * init_train_params: None
INFO: 2021-02-02 19:02:07,621 - base_frame.py:472 * kv_path: None
INFO: 2021-02-02 19:02:07,622 - base_frame.py:472 * margin: 0.35
INFO: 2021-02-02 19:02:07,622 - base_frame.py:472 * max_number_of_steps: 600
INFO: 2021-02-02 19:02:07,622 - base_frame.py:472 * max_seq_len: 128
INFO: 2021-02-02 19:02:07,622 - base_frame.py:472 * model_name: PoiQacPersonalized
INFO: 2021-02-02 19:02:07,622 - base_frame.py:472 * model_type: cnn_net
INFO: 2021-02-02 19:02:07,622 - base_frame.py:472 * num_epochs_input: 1
INFO: 2021-02-02 19:02:07,622 - base_frame.py:472 * num_gpus: 0
INFO: 2021-02-02 19:02:07,622 - base_frame.py:472 * num_in_dimension: 3
INFO: 2021-02-02 19:02:07,622 - base_frame.py:472 * num_out_dimension: 4
INFO: 2021-02-02 19:02:07,623 - base_frame.py:472 * num_preprocessing_threads: 1
INFO: 2021-02-02 19:02:07,623 - base_frame.py:472 * num_readers: 2
INFO: 2021-02-02 19:02:07,623 - base_frame.py:472 * num_samples: 10
INFO: 2021-02-02 19:02:07,623 - base_frame.py:472 * num_samples_eval: 10
INFO: 2021-02-02 19:02:07,623 - base_frame.py:472 * num_samples_train: 100
INFO: 2021-02-02 19:02:07,623 - base_frame.py:472 * platform: local-cpu
INFO: 2021-02-02 19:02:07,623 - base_frame.py:472 * poi_mlp: field
INFO: 2021-02-02 19:02:07,623 - base_frame.py:472 * poi_word_id: False
INFO: 2021-02-02 19:02:07,624 - base_frame.py:472 * pooling_type: max
INFO: 2021-02-02 19:02:07,624 - base_frame.py:472 * prefix_mlp: prefix
INFO: 2021-02-02 19:02:07,624 - base_frame.py:472 * prefix_word_id: False
INFO: 2021-02-02 19:02:07,624 - base_frame.py:472 * preprocessing_name: None
INFO: 2021-02-02 19:02:07,624 - base_frame.py:472 * proc_name: pred
INFO: 2021-02-02 19:02:07,624 - base_frame.py:472 * py_reader_capacity: 128
INFO: 2021-02-02 19:02:07,624 - base_frame.py:472 * py_reader_iterable: True
INFO: 2021-02-02 19:02:07,624 - base_frame.py:472 * py_reader_use_double_buffer: True
INFO: 2021-02-02 19:02:07,624 - base_frame.py:472 * qac_dict_path: None
INFO: 2021-02-02 19:02:07,625 - base_frame.py:472 * reader_batch: False
INFO: 2021-02-02 19:02:07,625 - base_frame.py:472 * sample_seed: 1234
INFO: 2021-02-02 19:02:07,625 - base_frame.py:472 * save_model_steps: 100
INFO: 2021-02-02 19:02:07,625 - base_frame.py:472 * train_batch_size: 128
INFO: 2021-02-02 19:02:07,625 - base_frame.py:472 * use_attention: True
INFO: 2021-02-02 19:02:07,625 - base_frame.py:472 * use_dayid: False
INFO: 2021-02-02 19:02:07,625 - base_frame.py:472 * use_dynamic_loss_scaling: True
INFO: 2021-02-02 19:02:07,625 - base_frame.py:472 * use_fp16: False
INFO: 2021-02-02 19:02:07,626 - base_frame.py:472 * use_geohash: True
INFO: 2021-02-02 19:02:07,626 - base_frame.py:472 * vocab_size: 93897
INFO: 2021-02-02 19:02:07,626 - base_frame.py:472 * window_size: 3
INFO: 2021-02-02 19:02:07,626 - base_frame.py:473 * ------------------------------------------------
INFO: 2021-02-02 19:02:08,162 - cpu_predictor.py:129 * Load pretrain parameters from ../tmp/model/poi/qac/save_model/fine_tuning/checkpoint_final.
INFO: 2021-02-02 19:02:08,163 - sample_reader.py:76 * current worker file_list: ../../data/MST-PAC/test/11100011010101011111
INFO: 2021-02-02 19:02:12,017 - base_frame.py:470 * -----------  Configuration Arguments -----------
INFO: 2021-02-02 19:02:12,017 - base_frame.py:472 * activate: None
INFO: 2021-02-02 19:02:12,017 - base_frame.py:472 * adadelta_rho: 0.95
INFO: 2021-02-02 19:02:12,017 - base_frame.py:472 * adagrad_initial_accumulator_value: 0.1
INFO: 2021-02-02 19:02:12,018 - base_frame.py:472 * adam_beta1: 0.9
INFO: 2021-02-02 19:02:12,018 - base_frame.py:472 * adam_beta2: 0.997
INFO: 2021-02-02 19:02:12,018 - base_frame.py:472 * adam_weight_decay: 0.01
INFO: 2021-02-02 19:02:12,018 - base_frame.py:472 * attention_pool: cross_dot_ffn
INFO: 2021-02-02 19:02:12,018 - base_frame.py:472 * base_lr: 0.001
INFO: 2021-02-02 19:02:12,018 - base_frame.py:472 * batch_shuffle_size: 128
INFO: 2021-02-02 19:02:12,018 - base_frame.py:472 * batch_size: 128
INFO: 2021-02-02 19:02:12,018 - base_frame.py:472 * conf_file: /home/fanmiao/sunke/KDD-2021/ST-PAC/epep/conf/poi_qac_personalized/mst_fine_tuning.local.conf.AttTrue-True-False-cross_dot_ffn-False.tmp
INFO: 2021-02-02 19:02:12,019 - base_frame.py:472 * cuda_visible_devices: 1
INFO: 2021-02-02 19:02:12,019 - base_frame.py:472 * data_reader: pyreader
INFO: 2021-02-02 19:02:12,019 - base_frame.py:472 * dataset_dir: ./train_data/
INFO: 2021-02-02 19:02:12,019 - base_frame.py:472 * dataset_mode: InMemoryDataset
INFO: 2021-02-02 19:02:12,019 - base_frame.py:472 * dataset_name: PoiQacPersonalized
INFO: 2021-02-02 19:02:12,019 - base_frame.py:472 * dataset_split_name: train
INFO: 2021-02-02 19:02:12,019 - base_frame.py:472 * debug_mode: False
INFO: 2021-02-02 19:02:12,019 - base_frame.py:472 * decr_every_n_nan_or_inf: 2
INFO: 2021-02-02 19:02:12,019 - base_frame.py:472 * decr_ratio: 0.8
INFO: 2021-02-02 19:02:12,020 - base_frame.py:472 * drop_last_batch: False
INFO: 2021-02-02 19:02:12,020 - base_frame.py:472 * dropout: 0.1
INFO: 2021-02-02 19:02:12,020 - base_frame.py:472 * emb_dim: 128
INFO: 2021-02-02 19:02:12,020 - base_frame.py:472 * emb_lr: 1.0
INFO: 2021-02-02 19:02:12,020 - base_frame.py:472 * end_learning_rate: 0.0001
INFO: 2021-02-02 19:02:12,020 - base_frame.py:472 * eval_batch_size: 128
INFO: 2021-02-02 19:02:12,020 - base_frame.py:472 * fc_dim: 64
INFO: 2021-02-02 19:02:12,020 - base_frame.py:472 * file_list: ../../data/MST-PAC/fine_tuning/11100011010101110101
INFO: 2021-02-02 19:02:12,021 - base_frame.py:472 * file_pattern: part-
INFO: 2021-02-02 19:02:12,021 - base_frame.py:472 * file_type: text
INFO: 2021-02-02 19:02:12,021 - base_frame.py:472 * fluid_bin: /home/fanmiao/anaconda3/envs/sunke/bin/python
INFO: 2021-02-02 19:02:12,021 - base_frame.py:472 * ftrl_initial_accumulator_value: 0.1
INFO: 2021-02-02 19:02:12,021 - base_frame.py:472 * ftrl_l1: 0.0
INFO: 2021-02-02 19:02:12,021 - base_frame.py:472 * ftrl_l2: 0.01
INFO: 2021-02-02 19:02:12,021 - base_frame.py:472 * ftrl_learning_rate_power: -0.1
INFO: 2021-02-02 19:02:12,021 - base_frame.py:472 * import_user_modules: datasets.poi_qac_personalized.qac_personalized,nets.poi_qac_personalized.qac_personalized
INFO: 2021-02-02 19:02:12,022 - base_frame.py:472 * incr_every_n_steps: 1000
INFO: 2021-02-02 19:02:12,022 - base_frame.py:472 * incr_ratio: 2.0
INFO: 2021-02-02 19:02:12,022 - base_frame.py:472 * init_learning_rate: 0
INFO: 2021-02-02 19:02:12,022 - base_frame.py:472 * init_loss_scaling: 1.0
INFO: 2021-02-02 19:02:12,022 - base_frame.py:472 * init_pretrain_model: ../../MST-PAC/tmp/model/poi/qac/save_model_logexp_attTrue_prewFalse_geoTrue_poiacross_dot_ffn_poiwFalse/checkpoint_final
INFO: 2021-02-02 19:02:12,022 - base_frame.py:472 * init_train_params: None
INFO: 2021-02-02 19:02:12,022 - base_frame.py:472 * kv_path: None
INFO: 2021-02-02 19:02:12,022 - base_frame.py:472 * learning_rate_decay_factor: 0.1
INFO: 2021-02-02 19:02:12,023 - base_frame.py:472 * learning_rate_decay_type: fixed
INFO: 2021-02-02 19:02:12,023 - base_frame.py:472 * learning_rate_polynomial_decay_cycle: False
INFO: 2021-02-02 19:02:12,023 - base_frame.py:472 * learning_rate_warmup_proportion: 0.1
INFO: 2021-02-02 19:02:12,023 - base_frame.py:472 * learning_rate_warmup_steps: 10000
INFO: 2021-02-02 19:02:12,023 - base_frame.py:472 * log_every_n_steps: 20
INFO: 2021-02-02 19:02:12,023 - base_frame.py:472 * loss_func: log_exp
INFO: 2021-02-02 19:02:12,023 - base_frame.py:472 * margin: 0.35
INFO: 2021-02-02 19:02:12,024 - base_frame.py:472 * max_number_of_steps: 600
INFO: 2021-02-02 19:02:12,024 - base_frame.py:472 * max_seq_len: 128
INFO: 2021-02-02 19:02:12,024 - base_frame.py:472 * model_name: PoiQacPersonalized
INFO: 2021-02-02 19:02:12,024 - base_frame.py:472 * model_type: cnn_net
INFO: 2021-02-02 19:02:12,024 - base_frame.py:472 * momentum: 0.9
INFO: 2021-02-02 19:02:12,024 - base_frame.py:472 * moving_average_decay: None
INFO: 2021-02-02 19:02:12,024 - base_frame.py:472 * neg_sample_num: 5
INFO: 2021-02-02 19:02:12,024 - base_frame.py:472 * num_epochs_input: 1
INFO: 2021-02-02 19:02:12,024 - base_frame.py:472 * num_epochs_per_decay: 10
INFO: 2021-02-02 19:02:12,025 - base_frame.py:472 * num_gpus: 1
INFO: 2021-02-02 19:02:12,025 - base_frame.py:472 * num_in_dimension: 3
INFO: 2021-02-02 19:02:12,025 - base_frame.py:472 * num_out_dimension: 4
INFO: 2021-02-02 19:02:12,025 - base_frame.py:472 * num_preprocessing_threads: 1
INFO: 2021-02-02 19:02:12,025 - base_frame.py:472 * num_readers: 2
INFO: 2021-02-02 19:02:12,025 - base_frame.py:472 * num_samples: 100
INFO: 2021-02-02 19:02:12,025 - base_frame.py:472 * num_samples_eval: 10
INFO: 2021-02-02 19:02:12,025 - base_frame.py:472 * num_samples_train: 100
INFO: 2021-02-02 19:02:12,026 - base_frame.py:472 * opt_epsilon: 1e-08
INFO: 2021-02-02 19:02:12,026 - base_frame.py:472 * optimizer: adam
INFO: 2021-02-02 19:02:12,026 - base_frame.py:472 * platform: local-gpu
INFO: 2021-02-02 19:02:12,026 - base_frame.py:472 * poi_mlp: field
INFO: 2021-02-02 19:02:12,026 - base_frame.py:472 * poi_word_id: False
INFO: 2021-02-02 19:02:12,026 - base_frame.py:472 * pooling_type: max
INFO: 2021-02-02 19:02:12,026 - base_frame.py:472 * prefix_mlp: prefix
INFO: 2021-02-02 19:02:12,026 - base_frame.py:472 * prefix_word_id: False
INFO: 2021-02-02 19:02:12,026 - base_frame.py:472 * preprocessing_name: None
INFO: 2021-02-02 19:02:12,027 - base_frame.py:472 * py_reader_capacity: 128
INFO: 2021-02-02 19:02:12,027 - base_frame.py:472 * py_reader_iterable: True
INFO: 2021-02-02 19:02:12,027 - base_frame.py:472 * py_reader_use_double_buffer: True
INFO: 2021-02-02 19:02:12,027 - base_frame.py:472 * qac_dict_path: None
INFO: 2021-02-02 19:02:12,027 - base_frame.py:472 * reader_batch: True
INFO: 2021-02-02 19:02:12,027 - base_frame.py:472 * rmsprop_decay: 0.9
INFO: 2021-02-02 19:02:12,027 - base_frame.py:472 * sample_seed: 1234
INFO: 2021-02-02 19:02:12,027 - base_frame.py:472 * save_max_to_keep: 40
INFO: 2021-02-02 19:02:12,028 - base_frame.py:472 * save_model_secs: None
INFO: 2021-02-02 19:02:12,028 - base_frame.py:472 * save_model_steps: 200
INFO: 2021-02-02 19:02:12,028 - base_frame.py:472 * trace_every_n_steps: 1
INFO: 2021-02-02 19:02:12,028 - base_frame.py:472 * train_batch_size: 128
INFO: 2021-02-02 19:02:12,028 - base_frame.py:472 * train_dir: ../tmp/model/poi/qac/save_model/fine_tuning
INFO: 2021-02-02 19:02:12,028 - base_frame.py:472 * use_attention: True
INFO: 2021-02-02 19:02:12,028 - base_frame.py:472 * use_dayid: False
INFO: 2021-02-02 19:02:12,028 - base_frame.py:472 * use_dynamic_loss_scaling: True
INFO: 2021-02-02 19:02:12,028 - base_frame.py:472 * use_fp16: False
INFO: 2021-02-02 19:02:12,029 - base_frame.py:472 * use_geohash: True
INFO: 2021-02-02 19:02:12,029 - base_frame.py:472 * vocab_size: 93897
INFO: 2021-02-02 19:02:12,029 - base_frame.py:472 * weight_decay: None
INFO: 2021-02-02 19:02:12,029 - base_frame.py:472 * window_size: 3
INFO: 2021-02-02 19:02:12,029 - base_frame.py:473 * ------------------------------------------------
INFO: 2021-02-02 19:02:12,287 - base_frame.py:272 * train debug tensors:['loss']
INFO: 2021-02-02 19:02:15,630 - cpu_trainer.py:203 * Load pretrain persistables from ../../MST-PAC/tmp/model/poi/qac/save_model_logexp_attTrue_prewFalse_geoTrue_poiacross_dot_ffn_poiwFalse/checkpoint_final.
INFO: 2021-02-02 19:02:15,632 - sample_reader.py:76 * current worker file_list: ../../data/MST-PAC/fine_tuning/11100011010101110101
INFO: 2021-02-02 19:02:25,466 - qac_personalized.py:563 * epoch[0], global_step[20], batch_id[20], extra_info: loss[0.9763454], debug[]
INFO: 2021-02-02 19:02:29,622 - qac_personalized.py:563 * epoch[0], global_step[40], batch_id[40], extra_info: loss[0.742591], debug[]
INFO: 2021-02-02 19:02:32,198 - cpu_trainer.py:62 * save_max_to_keep: 40, current ckpt_list: ['../tmp/model/poi/qac/save_model/fine_tuning/checkpoint_final']
INFO: 2021-02-02 19:02:32,200 - base_frame.py:436 * paddle training stopped.
INFO: 2021-02-02 19:02:35,010 - base_frame.py:470 * -----------  Configuration Arguments -----------
INFO: 2021-02-02 19:02:35,010 - base_frame.py:472 * activate: None
INFO: 2021-02-02 19:02:35,010 - base_frame.py:472 * attention_pool: cross_dot_ffn
INFO: 2021-02-02 19:02:35,011 - base_frame.py:472 * base_lr: 0.001
INFO: 2021-02-02 19:02:35,011 - base_frame.py:472 * batch_shuffle_size: 0
INFO: 2021-02-02 19:02:35,011 - base_frame.py:472 * batch_size: 128
INFO: 2021-02-02 19:02:35,011 - base_frame.py:472 * conf_file: /home/fanmiao/sunke/KDD-2021/ST-PAC/epep/conf/poi_qac_personalized/mst_fine_tuning.local.conf.AttTrue-True-False-cross_dot_ffn-False.tmp
INFO: 2021-02-02 19:02:35,011 - base_frame.py:472 * cuda_visible_devices: 1
INFO: 2021-02-02 19:02:35,011 - base_frame.py:472 * data_reader: pyreader
INFO: 2021-02-02 19:02:35,011 - base_frame.py:472 * dataset_dir: ./train_data/
INFO: 2021-02-02 19:02:35,011 - base_frame.py:472 * dataset_mode: InMemoryDataset
INFO: 2021-02-02 19:02:35,012 - base_frame.py:472 * dataset_name: PoiQacPersonalized
INFO: 2021-02-02 19:02:35,012 - base_frame.py:472 * dataset_split_name: validation
INFO: 2021-02-02 19:02:35,012 - base_frame.py:472 * debug_mode: False
INFO: 2021-02-02 19:02:35,012 - base_frame.py:472 * decr_every_n_nan_or_inf: 2
INFO: 2021-02-02 19:02:35,012 - base_frame.py:472 * decr_ratio: 0.8
INFO: 2021-02-02 19:02:35,012 - base_frame.py:472 * drop_last_batch: True
INFO: 2021-02-02 19:02:35,012 - base_frame.py:472 * dropout: None
INFO: 2021-02-02 19:02:35,012 - base_frame.py:472 * dump_vec: eval
INFO: 2021-02-02 19:02:35,013 - base_frame.py:472 * emb_dim: 128
INFO: 2021-02-02 19:02:35,013 - base_frame.py:472 * emb_lr: 1.0
INFO: 2021-02-02 19:02:35,013 - base_frame.py:472 * eval_batch_size: 128
INFO: 2021-02-02 19:02:35,013 - base_frame.py:472 * eval_dir: ../tmp/model/poi/qac/save_model/fine_tuning/checkpoint_1
INFO: 2021-02-02 19:02:35,013 - base_frame.py:472 * eval_once: True
INFO: 2021-02-02 19:02:35,013 - base_frame.py:472 * export_dir: ../tmp/model/poi/qac/save_model/fine_tuning
INFO: 2021-02-02 19:02:35,013 - base_frame.py:472 * fc_dim: 64
INFO: 2021-02-02 19:02:35,013 - base_frame.py:472 * file_list: ../../data/MST-PAC/test/11100011010101110101
INFO: 2021-02-02 19:02:35,013 - base_frame.py:472 * file_pattern: part-
INFO: 2021-02-02 19:02:35,014 - base_frame.py:472 * file_type: text
INFO: 2021-02-02 19:02:35,014 - base_frame.py:472 * fluid_bin: /home/fanmiao/anaconda3/envs/sunke/bin/python
INFO: 2021-02-02 19:02:35,014 - base_frame.py:472 * import_user_modules: datasets.poi_qac_personalized.qac_personalized,nets.poi_qac_personalized.qac_personalized
INFO: 2021-02-02 19:02:35,014 - base_frame.py:472 * incr_every_n_steps: 1000
INFO: 2021-02-02 19:02:35,014 - base_frame.py:472 * incr_ratio: 2.0
INFO: 2021-02-02 19:02:35,014 - base_frame.py:472 * init_loss_scaling: 1.0
INFO: 2021-02-02 19:02:35,014 - base_frame.py:472 * init_pretrain_model: ../tmp/model/poi/qac/save_model/fine_tuning/checkpoint_final
INFO: 2021-02-02 19:02:35,014 - base_frame.py:472 * init_train_params: None
INFO: 2021-02-02 19:02:35,015 - base_frame.py:472 * kv_path: None
INFO: 2021-02-02 19:02:35,015 - base_frame.py:472 * margin: 0.35
INFO: 2021-02-02 19:02:35,015 - base_frame.py:472 * max_number_of_steps: 600
INFO: 2021-02-02 19:02:35,015 - base_frame.py:472 * max_seq_len: 128
INFO: 2021-02-02 19:02:35,015 - base_frame.py:472 * model_name: PoiQacPersonalized
INFO: 2021-02-02 19:02:35,015 - base_frame.py:472 * model_type: cnn_net
INFO: 2021-02-02 19:02:35,015 - base_frame.py:472 * num_epochs_input: 1
INFO: 2021-02-02 19:02:35,015 - base_frame.py:472 * num_gpus: 0
INFO: 2021-02-02 19:02:35,015 - base_frame.py:472 * num_in_dimension: 3
INFO: 2021-02-02 19:02:35,016 - base_frame.py:472 * num_out_dimension: 4
INFO: 2021-02-02 19:02:35,016 - base_frame.py:472 * num_preprocessing_threads: 1
INFO: 2021-02-02 19:02:35,016 - base_frame.py:472 * num_readers: 2
INFO: 2021-02-02 19:02:35,016 - base_frame.py:472 * num_samples: 10
INFO: 2021-02-02 19:02:35,016 - base_frame.py:472 * num_samples_eval: 10
INFO: 2021-02-02 19:02:35,016 - base_frame.py:472 * num_samples_train: 100
INFO: 2021-02-02 19:02:35,016 - base_frame.py:472 * platform: local-cpu
INFO: 2021-02-02 19:02:35,016 - base_frame.py:472 * poi_mlp: field
INFO: 2021-02-02 19:02:35,017 - base_frame.py:472 * poi_word_id: False
INFO: 2021-02-02 19:02:35,017 - base_frame.py:472 * pooling_type: max
INFO: 2021-02-02 19:02:35,017 - base_frame.py:472 * prefix_mlp: prefix
INFO: 2021-02-02 19:02:35,017 - base_frame.py:472 * prefix_word_id: False
INFO: 2021-02-02 19:02:35,017 - base_frame.py:472 * preprocessing_name: None
INFO: 2021-02-02 19:02:35,017 - base_frame.py:472 * proc_name: pred
INFO: 2021-02-02 19:02:35,017 - base_frame.py:472 * py_reader_capacity: 128
INFO: 2021-02-02 19:02:35,017 - base_frame.py:472 * py_reader_iterable: True
INFO: 2021-02-02 19:02:35,017 - base_frame.py:472 * py_reader_use_double_buffer: True
INFO: 2021-02-02 19:02:35,018 - base_frame.py:472 * qac_dict_path: None
INFO: 2021-02-02 19:02:35,018 - base_frame.py:472 * reader_batch: False
INFO: 2021-02-02 19:02:35,018 - base_frame.py:472 * sample_seed: 1234
INFO: 2021-02-02 19:02:35,018 - base_frame.py:472 * save_model_steps: 100
INFO: 2021-02-02 19:02:35,018 - base_frame.py:472 * train_batch_size: 128
INFO: 2021-02-02 19:02:35,018 - base_frame.py:472 * use_attention: True
INFO: 2021-02-02 19:02:35,018 - base_frame.py:472 * use_dayid: False
INFO: 2021-02-02 19:02:35,018 - base_frame.py:472 * use_dynamic_loss_scaling: True
INFO: 2021-02-02 19:02:35,019 - base_frame.py:472 * use_fp16: False
INFO: 2021-02-02 19:02:35,019 - base_frame.py:472 * use_geohash: True
INFO: 2021-02-02 19:02:35,019 - base_frame.py:472 * vocab_size: 93897
INFO: 2021-02-02 19:02:35,019 - base_frame.py:472 * window_size: 3
INFO: 2021-02-02 19:02:35,019 - base_frame.py:473 * ------------------------------------------------
INFO: 2021-02-02 19:02:35,646 - cpu_predictor.py:129 * Load pretrain parameters from ../tmp/model/poi/qac/save_model/fine_tuning/checkpoint_final.
INFO: 2021-02-02 19:02:35,649 - sample_reader.py:76 * current worker file_list: ../../data/MST-PAC/test/11100011010101110101
INFO: 2021-02-02 19:02:45,900 - base_frame.py:470 * -----------  Configuration Arguments -----------
INFO: 2021-02-02 19:02:45,900 - base_frame.py:472 * activate: None
INFO: 2021-02-02 19:02:45,900 - base_frame.py:472 * adadelta_rho: 0.95
INFO: 2021-02-02 19:02:45,901 - base_frame.py:472 * adagrad_initial_accumulator_value: 0.1
INFO: 2021-02-02 19:02:45,901 - base_frame.py:472 * adam_beta1: 0.9
INFO: 2021-02-02 19:02:45,901 - base_frame.py:472 * adam_beta2: 0.997
INFO: 2021-02-02 19:02:45,901 - base_frame.py:472 * adam_weight_decay: 0.01
INFO: 2021-02-02 19:02:45,901 - base_frame.py:472 * attention_pool: cross_dot_ffn
INFO: 2021-02-02 19:02:45,901 - base_frame.py:472 * base_lr: 0.001
INFO: 2021-02-02 19:02:45,901 - base_frame.py:472 * batch_shuffle_size: 128
INFO: 2021-02-02 19:02:45,901 - base_frame.py:472 * batch_size: 128
INFO: 2021-02-02 19:02:45,902 - base_frame.py:472 * conf_file: /home/fanmiao/sunke/KDD-2021/ST-PAC/epep/conf/poi_qac_personalized/mst_fine_tuning.local.conf.AttTrue-True-False-cross_dot_ffn-False.tmp
INFO: 2021-02-02 19:02:45,902 - base_frame.py:472 * cuda_visible_devices: 1
INFO: 2021-02-02 19:02:45,902 - base_frame.py:472 * data_reader: pyreader
INFO: 2021-02-02 19:02:45,902 - base_frame.py:472 * dataset_dir: ./train_data/
INFO: 2021-02-02 19:02:45,902 - base_frame.py:472 * dataset_mode: InMemoryDataset
INFO: 2021-02-02 19:02:45,902 - base_frame.py:472 * dataset_name: PoiQacPersonalized
INFO: 2021-02-02 19:02:45,902 - base_frame.py:472 * dataset_split_name: train
INFO: 2021-02-02 19:02:45,902 - base_frame.py:472 * debug_mode: False
INFO: 2021-02-02 19:02:45,903 - base_frame.py:472 * decr_every_n_nan_or_inf: 2
INFO: 2021-02-02 19:02:45,903 - base_frame.py:472 * decr_ratio: 0.8
INFO: 2021-02-02 19:02:45,903 - base_frame.py:472 * drop_last_batch: False
INFO: 2021-02-02 19:02:45,903 - base_frame.py:472 * dropout: 0.1
INFO: 2021-02-02 19:02:45,903 - base_frame.py:472 * emb_dim: 128
INFO: 2021-02-02 19:02:45,903 - base_frame.py:472 * emb_lr: 1.0
INFO: 2021-02-02 19:02:45,903 - base_frame.py:472 * end_learning_rate: 0.0001
INFO: 2021-02-02 19:02:45,903 - base_frame.py:472 * eval_batch_size: 128
INFO: 2021-02-02 19:02:45,903 - base_frame.py:472 * fc_dim: 64
INFO: 2021-02-02 19:02:45,904 - base_frame.py:472 * file_list: ../../data/MST-PAC/fine_tuning/11100011010101110111
INFO: 2021-02-02 19:02:45,904 - base_frame.py:472 * file_pattern: part-
INFO: 2021-02-02 19:02:45,904 - base_frame.py:472 * file_type: text
INFO: 2021-02-02 19:02:45,904 - base_frame.py:472 * fluid_bin: /home/fanmiao/anaconda3/envs/sunke/bin/python
INFO: 2021-02-02 19:02:45,904 - base_frame.py:472 * ftrl_initial_accumulator_value: 0.1
INFO: 2021-02-02 19:02:45,904 - base_frame.py:472 * ftrl_l1: 0.0
INFO: 2021-02-02 19:02:45,904 - base_frame.py:472 * ftrl_l2: 0.01
INFO: 2021-02-02 19:02:45,904 - base_frame.py:472 * ftrl_learning_rate_power: -0.1
INFO: 2021-02-02 19:02:45,905 - base_frame.py:472 * import_user_modules: datasets.poi_qac_personalized.qac_personalized,nets.poi_qac_personalized.qac_personalized
INFO: 2021-02-02 19:02:45,905 - base_frame.py:472 * incr_every_n_steps: 1000
INFO: 2021-02-02 19:02:45,905 - base_frame.py:472 * incr_ratio: 2.0
INFO: 2021-02-02 19:02:45,905 - base_frame.py:472 * init_learning_rate: 0
INFO: 2021-02-02 19:02:45,905 - base_frame.py:472 * init_loss_scaling: 1.0
INFO: 2021-02-02 19:02:45,905 - base_frame.py:472 * init_pretrain_model: ../../MST-PAC/tmp/model/poi/qac/save_model_logexp_attTrue_prewFalse_geoTrue_poiacross_dot_ffn_poiwFalse/checkpoint_final
INFO: 2021-02-02 19:02:45,905 - base_frame.py:472 * init_train_params: None
INFO: 2021-02-02 19:02:45,905 - base_frame.py:472 * kv_path: None
INFO: 2021-02-02 19:02:45,905 - base_frame.py:472 * learning_rate_decay_factor: 0.1
INFO: 2021-02-02 19:02:45,906 - base_frame.py:472 * learning_rate_decay_type: fixed
INFO: 2021-02-02 19:02:45,906 - base_frame.py:472 * learning_rate_polynomial_decay_cycle: False
INFO: 2021-02-02 19:02:45,906 - base_frame.py:472 * learning_rate_warmup_proportion: 0.1
INFO: 2021-02-02 19:02:45,906 - base_frame.py:472 * learning_rate_warmup_steps: 10000
INFO: 2021-02-02 19:02:45,906 - base_frame.py:472 * log_every_n_steps: 20
INFO: 2021-02-02 19:02:45,906 - base_frame.py:472 * loss_func: log_exp
INFO: 2021-02-02 19:02:45,906 - base_frame.py:472 * margin: 0.35
INFO: 2021-02-02 19:02:45,906 - base_frame.py:472 * max_number_of_steps: 600
INFO: 2021-02-02 19:02:45,906 - base_frame.py:472 * max_seq_len: 128
INFO: 2021-02-02 19:02:45,907 - base_frame.py:472 * model_name: PoiQacPersonalized
INFO: 2021-02-02 19:02:45,907 - base_frame.py:472 * model_type: cnn_net
INFO: 2021-02-02 19:02:45,907 - base_frame.py:472 * momentum: 0.9
INFO: 2021-02-02 19:02:45,907 - base_frame.py:472 * moving_average_decay: None
INFO: 2021-02-02 19:02:45,907 - base_frame.py:472 * neg_sample_num: 5
INFO: 2021-02-02 19:02:45,907 - base_frame.py:472 * num_epochs_input: 1
INFO: 2021-02-02 19:02:45,907 - base_frame.py:472 * num_epochs_per_decay: 10
INFO: 2021-02-02 19:02:45,907 - base_frame.py:472 * num_gpus: 1
INFO: 2021-02-02 19:02:45,908 - base_frame.py:472 * num_in_dimension: 3
INFO: 2021-02-02 19:02:45,908 - base_frame.py:472 * num_out_dimension: 4
INFO: 2021-02-02 19:02:45,908 - base_frame.py:472 * num_preprocessing_threads: 1
INFO: 2021-02-02 19:02:45,908 - base_frame.py:472 * num_readers: 2
INFO: 2021-02-02 19:02:45,908 - base_frame.py:472 * num_samples: 100
INFO: 2021-02-02 19:02:45,908 - base_frame.py:472 * num_samples_eval: 10
INFO: 2021-02-02 19:02:45,908 - base_frame.py:472 * num_samples_train: 100
INFO: 2021-02-02 19:02:45,908 - base_frame.py:472 * opt_epsilon: 1e-08
INFO: 2021-02-02 19:02:45,909 - base_frame.py:472 * optimizer: adam
INFO: 2021-02-02 19:02:45,909 - base_frame.py:472 * platform: local-gpu
INFO: 2021-02-02 19:02:45,909 - base_frame.py:472 * poi_mlp: field
INFO: 2021-02-02 19:02:45,909 - base_frame.py:472 * poi_word_id: False
INFO: 2021-02-02 19:02:45,909 - base_frame.py:472 * pooling_type: max
INFO: 2021-02-02 19:02:45,909 - base_frame.py:472 * prefix_mlp: prefix
INFO: 2021-02-02 19:02:45,909 - base_frame.py:472 * prefix_word_id: False
INFO: 2021-02-02 19:02:45,909 - base_frame.py:472 * preprocessing_name: None
INFO: 2021-02-02 19:02:45,910 - base_frame.py:472 * py_reader_capacity: 128
INFO: 2021-02-02 19:02:45,910 - base_frame.py:472 * py_reader_iterable: True
INFO: 2021-02-02 19:02:45,910 - base_frame.py:472 * py_reader_use_double_buffer: True
INFO: 2021-02-02 19:02:45,910 - base_frame.py:472 * qac_dict_path: None
INFO: 2021-02-02 19:02:45,910 - base_frame.py:472 * reader_batch: True
INFO: 2021-02-02 19:02:45,910 - base_frame.py:472 * rmsprop_decay: 0.9
INFO: 2021-02-02 19:02:45,910 - base_frame.py:472 * sample_seed: 1234
INFO: 2021-02-02 19:02:45,910 - base_frame.py:472 * save_max_to_keep: 40
INFO: 2021-02-02 19:02:45,910 - base_frame.py:472 * save_model_secs: None
INFO: 2021-02-02 19:02:45,911 - base_frame.py:472 * save_model_steps: 200
INFO: 2021-02-02 19:02:45,911 - base_frame.py:472 * trace_every_n_steps: 1
INFO: 2021-02-02 19:02:45,911 - base_frame.py:472 * train_batch_size: 128
INFO: 2021-02-02 19:02:45,911 - base_frame.py:472 * train_dir: ../tmp/model/poi/qac/save_model/fine_tuning
INFO: 2021-02-02 19:02:45,911 - base_frame.py:472 * use_attention: True
INFO: 2021-02-02 19:02:45,911 - base_frame.py:472 * use_dayid: False
INFO: 2021-02-02 19:02:45,911 - base_frame.py:472 * use_dynamic_loss_scaling: True
INFO: 2021-02-02 19:02:45,911 - base_frame.py:472 * use_fp16: False
INFO: 2021-02-02 19:02:45,912 - base_frame.py:472 * use_geohash: True
INFO: 2021-02-02 19:02:45,912 - base_frame.py:472 * vocab_size: 93897
INFO: 2021-02-02 19:02:45,912 - base_frame.py:472 * weight_decay: None
INFO: 2021-02-02 19:02:45,912 - base_frame.py:472 * window_size: 3
INFO: 2021-02-02 19:02:45,912 - base_frame.py:473 * ------------------------------------------------
INFO: 2021-02-02 19:02:46,105 - base_frame.py:272 * train debug tensors:['loss']
